<?xml version="1.0" encoding="UTF-8"?>
<!-- Generated by org.testng.reporters.JUnitReportReporter -->
<testsuite hostname="LAPTOP-3FF10PJ4" failures="0" tests="1" name="javaPrograms.StartingLetters" time="0.014" errors="0" timestamp="2024-08-30T12:13:36 IST" skipped="0">
  <testcase classname="javaPrograms.StartingLetters" name="regular" time="0.014"/>
</testsuite> <!-- javaPrograms.StartingLetters -->
